<?xml version="1.0" encoding="UTF-8"?>
<!-- Generated by org.testng.reporters.JUnitReportReporter -->
<testsuite hostname="EPINHYDW096C" failures="0" tests="3" name="apiTests.GetAPI" time="5.489" errors="0" timestamp="2023-07-12T19:52:19 IST" skipped="0">
  <testcase classname="apiTests.GetAPI" name="testGetAPINoContent" time="1.105"/>
  <system-out/>
  <testcase classname="apiTests.GetAPI" name="testGetAPI" time="3.624"/>
  <system-out/>
  <testcase classname="apiTests.GetAPI" name="testGetAPINegative" time="0.760"/>
  <system-out/>
</testsuite> <!-- apiTests.GetAPI -->
